Archive:  blog-backend-1.0-SNAPSHOT.zip
  inflating: blog-backend-1.0-SNAPSHOT/lib/tech.toku1.blog-backend-1.0-SNAPSHOT-sans-externalized.jar  
  inflating: blog-backend-1.0-SNAPSHOT/lib/org.scala-lang.scala3-library_3-3.3.3.jar  
  inflating: blog-backend-1.0-SNAPSHOT/lib/org.playframework.twirl.twirl-api_3-2.0.4.jar  
  inflating: blog-backend-1.0-SNAPSHOT/lib/org.playframework.play-server_3-3.0.2.jar  
  inflating: blog-backend-1.0-SNAPSHOT/lib/org.playframework.play-logback_3-3.0.2.jar  
  inflating: blog-backend-1.0-SNAPSHOT/lib/org.playframework.play-pekko-http-server_3-3.0.2.jar  
  inflating: blog-backend-1.0-SNAPSHOT/lib/org.playframework.play-filters-helpers_3-3.0.2.jar  
  inflating: blog-backend-1.0-SNAPSHOT/lib/org.playframework.play-guice_3-3.0.2.jar  
  inflating: blog-backend-1.0-SNAPSHOT/lib/org.webjars.bower.compass-mixins-0.12.7.jar  
  inflating: blog-backend-1.0-SNAPSHOT/lib/org.scala-lang.scala-library-2.13.12.jar  
  inflating: blog-backend-1.0-SNAPSHOT/lib/org.scala-lang.modules.scala-xml_3-2.2.0.jar  
  inflating: blog-backend-1.0-SNAPSHOT/lib/org.playframework.play_3-3.0.2.jar  
  inflating: blog-backend-1.0-SNAPSHOT/lib/ch.qos.logback.logback-classic-1.5.1.jar  
  inflating: blog-backend-1.0-SNAPSHOT/lib/org.playframework.play-streams_3-3.0.2.jar  
  inflating: blog-backend-1.0-SNAPSHOT/lib/org.apache.pekko.pekko-http-core_3-1.0.1.jar  
  inflating: blog-backend-1.0-SNAPSHOT/lib/com.google.inject.guice-6.0.0.jar  
  inflating: blog-backend-1.0-SNAPSHOT/lib/com.google.inject.extensions.guice-assistedinject-6.0.0.jar  
  inflating: blog-backend-1.0-SNAPSHOT/lib/org.playframework.play-build-link-3.0.2.jar  
  inflating: blog-backend-1.0-SNAPSHOT/lib/org.playframework.play-configuration_3-3.0.2.jar  
  inflating: blog-backend-1.0-SNAPSHOT/lib/org.slf4j.slf4j-api-2.0.12.jar  
  inflating: blog-backend-1.0-SNAPSHOT/lib/org.slf4j.jul-to-slf4j-2.0.12.jar  
  inflating: blog-backend-1.0-SNAPSHOT/lib/org.slf4j.jcl-over-slf4j-2.0.12.jar  
  inflating: blog-backend-1.0-SNAPSHOT/lib/org.apache.pekko.pekko-actor_3-1.0.2.jar  
  inflating: blog-backend-1.0-SNAPSHOT/lib/org.apache.pekko.pekko-actor-typed_3-1.0.2.jar  
  inflating: blog-backend-1.0-SNAPSHOT/lib/org.apache.pekko.pekko-slf4j_3-1.0.2.jar  
  inflating: blog-backend-1.0-SNAPSHOT/lib/org.apache.pekko.pekko-serialization-jackson_3-1.0.2.jar  
  inflating: blog-backend-1.0-SNAPSHOT/lib/com.fasterxml.jackson.core.jackson-core-2.14.3.jar  
  inflating: blog-backend-1.0-SNAPSHOT/lib/com.fasterxml.jackson.core.jackson-annotations-2.14.3.jar  
  inflating: blog-backend-1.0-SNAPSHOT/lib/com.fasterxml.jackson.datatype.jackson-datatype-jdk8-2.14.3.jar  
  inflating: blog-backend-1.0-SNAPSHOT/lib/com.fasterxml.jackson.datatype.jackson-datatype-jsr310-2.14.3.jar  
  inflating: blog-backend-1.0-SNAPSHOT/lib/com.fasterxml.jackson.core.jackson-databind-2.14.3.jar  
  inflating: blog-backend-1.0-SNAPSHOT/lib/com.fasterxml.jackson.dataformat.jackson-dataformat-cbor-2.14.3.jar  
  inflating: blog-backend-1.0-SNAPSHOT/lib/com.fasterxml.jackson.module.jackson-module-parameter-names-2.14.3.jar  
  inflating: blog-backend-1.0-SNAPSHOT/lib/com.fasterxml.jackson.module.jackson-module-scala_3-2.14.3.jar  
  inflating: blog-backend-1.0-SNAPSHOT/lib/io.jsonwebtoken.jjwt-api-0.11.5.jar  
  inflating: blog-backend-1.0-SNAPSHOT/lib/io.jsonwebtoken.jjwt-impl-0.11.5.jar  
  inflating: blog-backend-1.0-SNAPSHOT/lib/io.jsonwebtoken.jjwt-jackson-0.11.5.jar  
  inflating: blog-backend-1.0-SNAPSHOT/lib/org.playframework.play-json_3-3.0.2.jar  
  inflating: blog-backend-1.0-SNAPSHOT/lib/com.google.guava.guava-32.1.3-jre.jar  
  inflating: blog-backend-1.0-SNAPSHOT/lib/javax.inject.javax.inject-1.jar  
  inflating: blog-backend-1.0-SNAPSHOT/lib/com.typesafe.ssl-config-core_3-0.6.1.jar  
  inflating: blog-backend-1.0-SNAPSHOT/lib/org.scala-lang.modules.scala-parser-combinators_3-2.3.0.jar  
  inflating: blog-backend-1.0-SNAPSHOT/lib/ch.qos.logback.logback-core-1.5.1.jar  
  inflating: blog-backend-1.0-SNAPSHOT/lib/org.reactivestreams.reactive-streams-1.0.4.jar  
  inflating: blog-backend-1.0-SNAPSHOT/lib/org.apache.pekko.pekko-stream_3-1.0.2.jar  
  inflating: blog-backend-1.0-SNAPSHOT/lib/org.apache.pekko.pekko-parsing_3-1.0.1.jar  
  inflating: blog-backend-1.0-SNAPSHOT/lib/org.parboiled.parboiled_3-2.5.0.jar  
  inflating: blog-backend-1.0-SNAPSHOT/lib/jakarta.inject.jakarta.inject-api-2.0.1.jar  
  inflating: blog-backend-1.0-SNAPSHOT/lib/aopalliance.aopalliance-1.0.jar  
  inflating: blog-backend-1.0-SNAPSHOT/lib/com.google.errorprone.error_prone_annotations-2.21.1.jar  
  inflating: blog-backend-1.0-SNAPSHOT/lib/org.playframework.play-exceptions-3.0.2.jar  
  inflating: blog-backend-1.0-SNAPSHOT/lib/com.typesafe.config-1.4.3.jar  
  inflating: blog-backend-1.0-SNAPSHOT/lib/org.lz4.lz4-java-1.8.0.jar  
  inflating: blog-backend-1.0-SNAPSHOT/lib/com.thoughtworks.paranamer.paranamer-2.8.jar  
  inflating: blog-backend-1.0-SNAPSHOT/lib/org.playframework.play-functional_3-3.0.2.jar  
  inflating: blog-backend-1.0-SNAPSHOT/lib/com.google.guava.failureaccess-1.0.1.jar  
  inflating: blog-backend-1.0-SNAPSHOT/lib/com.google.guava.listenablefuture-9999.0-empty-to-avoid-conflict-with-guava.jar  
  inflating: blog-backend-1.0-SNAPSHOT/lib/com.google.code.findbugs.jsr305-3.0.2.jar  
  inflating: blog-backend-1.0-SNAPSHOT/lib/org.checkerframework.checker-qual-3.37.0.jar  
  inflating: blog-backend-1.0-SNAPSHOT/lib/com.google.j2objc.j2objc-annotations-2.8.jar  
  inflating: blog-backend-1.0-SNAPSHOT/lib/org.apache.pekko.pekko-protobuf-v3_3-1.0.2.jar  
  inflating: blog-backend-1.0-SNAPSHOT/lib/tech.toku1.blog-backend-1.0-SNAPSHOT-assets.jar  
  inflating: blog-backend-1.0-SNAPSHOT/bin/blog-backend  
  inflating: blog-backend-1.0-SNAPSHOT/bin/blog-backend.bat  
  inflating: blog-backend-1.0-SNAPSHOT/conf/.bsp/sbt.json  
  inflating: blog-backend-1.0-SNAPSHOT/conf/messages  
  inflating: blog-backend-1.0-SNAPSHOT/conf/application.conf  
  inflating: blog-backend-1.0-SNAPSHOT/conf/routes  
  inflating: blog-backend-1.0-SNAPSHOT/conf/logback.xml  
  inflating: blog-backend-1.0-SNAPSHOT/share/doc/api/scripts/theme.js  
  inflating: blog-backend-1.0-SNAPSHOT/share/doc/api/scripts/hljs-scala3.js  
  inflating: blog-backend-1.0-SNAPSHOT/share/doc/api/scripts/ux.js  
  inflating: blog-backend-1.0-SNAPSHOT/share/doc/api/scripts/common/component.js  
  inflating: blog-backend-1.0-SNAPSHOT/share/doc/api/scripts/common/utils.js  
  inflating: blog-backend-1.0-SNAPSHOT/share/doc/api/scripts/components/FilterBar.js  
  inflating: blog-backend-1.0-SNAPSHOT/share/doc/api/scripts/components/DocumentableList.js  
  inflating: blog-backend-1.0-SNAPSHOT/share/doc/api/scripts/components/Input.js  
  inflating: blog-backend-1.0-SNAPSHOT/share/doc/api/scripts/components/FilterGroup.js  
  inflating: blog-backend-1.0-SNAPSHOT/share/doc/api/scripts/components/Filter.js  
  inflating: blog-backend-1.0-SNAPSHOT/share/doc/api/scripts/scaladoc-scalajs.js  
  inflating: blog-backend-1.0-SNAPSHOT/share/doc/api/scripts/contributors.js  
  inflating: blog-backend-1.0-SNAPSHOT/share/doc/api/scripts/data.js  
  inflating: blog-backend-1.0-SNAPSHOT/share/doc/api/scripts/searchData.js  
  inflating: blog-backend-1.0-SNAPSHOT/share/doc/api/scripts/scastieConfiguration.js  
  inflating: blog-backend-1.0-SNAPSHOT/share/doc/api/scripts/inkuire.js  
  inflating: blog-backend-1.0-SNAPSHOT/share/doc/api/scripts/inkuire-worker.js  
  inflating: blog-backend-1.0-SNAPSHOT/share/doc/api/styles/theme/bundle.css  
  inflating: blog-backend-1.0-SNAPSHOT/share/doc/api/styles/theme/components/bundle.css  
  inflating: blog-backend-1.0-SNAPSHOT/share/doc/api/styles/theme/components/button/bundle.css  
  inflating: blog-backend-1.0-SNAPSHOT/share/doc/api/styles/theme/layout/bundle.css  
  inflating: blog-backend-1.0-SNAPSHOT/share/doc/api/styles/nord-light.css  
  inflating: blog-backend-1.0-SNAPSHOT/share/doc/api/styles/dotty-icons.css  
  inflating: blog-backend-1.0-SNAPSHOT/share/doc/api/styles/filter-bar.css  
  inflating: blog-backend-1.0-SNAPSHOT/share/doc/api/styles/code-snippets.css  
  inflating: blog-backend-1.0-SNAPSHOT/share/doc/api/styles/searchbar.css  
  inflating: blog-backend-1.0-SNAPSHOT/share/doc/api/styles/social-links.css  
  inflating: blog-backend-1.0-SNAPSHOT/share/doc/api/styles/versions-dropdown.css  
  inflating: blog-backend-1.0-SNAPSHOT/share/doc/api/styles/content-contributors.css  
  inflating: blog-backend-1.0-SNAPSHOT/share/doc/api/styles/fontawesome.css  
  inflating: blog-backend-1.0-SNAPSHOT/share/doc/api/styles/apistyles.css  
  inflating: blog-backend-1.0-SNAPSHOT/share/doc/api/styles/staticsitestyles.css  
  inflating: blog-backend-1.0-SNAPSHOT/share/doc/api/hljs/highlight.pack.js  
  inflating: blog-backend-1.0-SNAPSHOT/share/doc/api/hljs/LICENSE  
  inflating: blog-backend-1.0-SNAPSHOT/share/doc/api/scaladoc.version  
  inflating: blog-backend-1.0-SNAPSHOT/share/doc/api/favicon.ico  
  inflating: blog-backend-1.0-SNAPSHOT/share/doc/api/fonts/dotty-icons.woff  
  inflating: blog-backend-1.0-SNAPSHOT/share/doc/api/fonts/dotty-icons.ttf  
  inflating: blog-backend-1.0-SNAPSHOT/share/doc/api/fonts/Inter-Bold.ttf  
  inflating: blog-backend-1.0-SNAPSHOT/share/doc/api/fonts/Inter-Medium.ttf  
  inflating: blog-backend-1.0-SNAPSHOT/share/doc/api/fonts/Inter-Regular.ttf  
  inflating: blog-backend-1.0-SNAPSHOT/share/doc/api/fonts/Inter-SemiBold.ttf  
  inflating: blog-backend-1.0-SNAPSHOT/share/doc/api/fonts/FiraCode-Regular.ttf  
  inflating: blog-backend-1.0-SNAPSHOT/share/doc/api/images/scaladoc_logo.svg  
  inflating: blog-backend-1.0-SNAPSHOT/share/doc/api/images/scaladoc_logo_dark.svg  
  inflating: blog-backend-1.0-SNAPSHOT/share/doc/api/images/class.svg  
  inflating: blog-backend-1.0-SNAPSHOT/share/doc/api/images/class_comp.svg  
  inflating: blog-backend-1.0-SNAPSHOT/share/doc/api/images/class-dark.svg  
  inflating: blog-backend-1.0-SNAPSHOT/share/doc/api/images/no-results-icon.svg  
  inflating: blog-backend-1.0-SNAPSHOT/share/doc/api/images/object.svg  
  inflating: blog-backend-1.0-SNAPSHOT/share/doc/api/images/object_comp.svg  
  inflating: blog-backend-1.0-SNAPSHOT/share/doc/api/images/object-dark.svg  
  inflating: blog-backend-1.0-SNAPSHOT/share/doc/api/images/trait.svg  
  inflating: blog-backend-1.0-SNAPSHOT/share/doc/api/images/trait-dark.svg  
  inflating: blog-backend-1.0-SNAPSHOT/share/doc/api/images/trait_comp.svg  
  inflating: blog-backend-1.0-SNAPSHOT/share/doc/api/images/enum.svg  
  inflating: blog-backend-1.0-SNAPSHOT/share/doc/api/images/enum-dark.svg  
  inflating: blog-backend-1.0-SNAPSHOT/share/doc/api/images/enum_comp.svg  
  inflating: blog-backend-1.0-SNAPSHOT/share/doc/api/images/given.svg  
  inflating: blog-backend-1.0-SNAPSHOT/share/doc/api/images/given-dark.svg  
  inflating: blog-backend-1.0-SNAPSHOT/share/doc/api/images/method.svg  
  inflating: blog-backend-1.0-SNAPSHOT/share/doc/api/images/method-dark.svg  
  inflating: blog-backend-1.0-SNAPSHOT/share/doc/api/images/type.svg  
  inflating: blog-backend-1.0-SNAPSHOT/share/doc/api/images/type-dark.svg  
  inflating: blog-backend-1.0-SNAPSHOT/share/doc/api/images/val.svg  
  inflating: blog-backend-1.0-SNAPSHOT/share/doc/api/images/val-dark.svg  
  inflating: blog-backend-1.0-SNAPSHOT/share/doc/api/images/package.svg  
  inflating: blog-backend-1.0-SNAPSHOT/share/doc/api/images/package-dark.svg  
  inflating: blog-backend-1.0-SNAPSHOT/share/doc/api/images/static.svg  
  inflating: blog-backend-1.0-SNAPSHOT/share/doc/api/images/inkuire.svg  
  inflating: blog-backend-1.0-SNAPSHOT/share/doc/api/images/static-dark.svg  
  inflating: blog-backend-1.0-SNAPSHOT/share/doc/api/images/github-icon-black.png  
  inflating: blog-backend-1.0-SNAPSHOT/share/doc/api/images/github-icon-white.png  
  inflating: blog-backend-1.0-SNAPSHOT/share/doc/api/images/discord-icon-black.png  
  inflating: blog-backend-1.0-SNAPSHOT/share/doc/api/images/discord-icon-white.png  
  inflating: blog-backend-1.0-SNAPSHOT/share/doc/api/images/twitter-icon-black.png  
  inflating: blog-backend-1.0-SNAPSHOT/share/doc/api/images/twitter-icon-white.png  
  inflating: blog-backend-1.0-SNAPSHOT/share/doc/api/images/gitter-icon-black.png  
  inflating: blog-backend-1.0-SNAPSHOT/share/doc/api/images/gitter-icon-white.png  
  inflating: blog-backend-1.0-SNAPSHOT/share/doc/api/images/icon-buttons/sun/dark/active.svg  
  inflating: blog-backend-1.0-SNAPSHOT/share/doc/api/images/icon-buttons/sun/dark/disabled.svg  
  inflating: blog-backend-1.0-SNAPSHOT/share/doc/api/images/icon-buttons/sun/dark/focus.svg  
  inflating: blog-backend-1.0-SNAPSHOT/share/doc/api/images/icon-buttons/sun/dark/hover.svg  
  inflating: blog-backend-1.0-SNAPSHOT/share/doc/api/images/icon-buttons/sun/dark/selected.svg  
  inflating: blog-backend-1.0-SNAPSHOT/share/doc/api/images/icon-buttons/sun/dark/default.svg  
  inflating: blog-backend-1.0-SNAPSHOT/share/doc/api/images/icon-buttons/sun/light/active.svg  
  inflating: blog-backend-1.0-SNAPSHOT/share/doc/api/images/icon-buttons/sun/light/disabled.svg  
  inflating: blog-backend-1.0-SNAPSHOT/share/doc/api/images/icon-buttons/sun/light/focus.svg  
  inflating: blog-backend-1.0-SNAPSHOT/share/doc/api/images/icon-buttons/sun/light/hover.svg  
  inflating: blog-backend-1.0-SNAPSHOT/share/doc/api/images/icon-buttons/sun/light/selected.svg  
  inflating: blog-backend-1.0-SNAPSHOT/share/doc/api/images/icon-buttons/sun/light/default.svg  
  inflating: blog-backend-1.0-SNAPSHOT/share/doc/api/images/icon-buttons/hamburger/dark/active.svg  
  inflating: blog-backend-1.0-SNAPSHOT/share/doc/api/images/icon-buttons/hamburger/dark/disabled.svg  
  inflating: blog-backend-1.0-SNAPSHOT/share/doc/api/images/icon-buttons/hamburger/dark/focus.svg  
  inflating: blog-backend-1.0-SNAPSHOT/share/doc/api/images/icon-buttons/hamburger/dark/hover.svg  
  inflating: blog-backend-1.0-SNAPSHOT/share/doc/api/images/icon-buttons/hamburger/dark/selected.svg  
  inflating: blog-backend-1.0-SNAPSHOT/share/doc/api/images/icon-buttons/hamburger/dark/default.svg  
  inflating: blog-backend-1.0-SNAPSHOT/share/doc/api/images/icon-buttons/hamburger/light/active.svg  
  inflating: blog-backend-1.0-SNAPSHOT/share/doc/api/images/icon-buttons/hamburger/light/disabled.svg  
  inflating: blog-backend-1.0-SNAPSHOT/share/doc/api/images/icon-buttons/hamburger/light/focus.svg  
  inflating: blog-backend-1.0-SNAPSHOT/share/doc/api/images/icon-buttons/hamburger/light/hover.svg  
  inflating: blog-backend-1.0-SNAPSHOT/share/doc/api/images/icon-buttons/hamburger/light/selected.svg  
  inflating: blog-backend-1.0-SNAPSHOT/share/doc/api/images/icon-buttons/hamburger/light/default.svg  
  inflating: blog-backend-1.0-SNAPSHOT/share/doc/api/images/icon-buttons/moon/dark/active.svg  
  inflating: blog-backend-1.0-SNAPSHOT/share/doc/api/images/icon-buttons/moon/dark/disabled.svg  
  inflating: blog-backend-1.0-SNAPSHOT/share/doc/api/images/icon-buttons/moon/dark/focus.svg  
  inflating: blog-backend-1.0-SNAPSHOT/share/doc/api/images/icon-buttons/moon/dark/hover.svg  
  inflating: blog-backend-1.0-SNAPSHOT/share/doc/api/images/icon-buttons/moon/dark/selected.svg  
  inflating: blog-backend-1.0-SNAPSHOT/share/doc/api/images/icon-buttons/moon/dark/default.svg  
  inflating: blog-backend-1.0-SNAPSHOT/share/doc/api/images/icon-buttons/moon/light/active.svg  
  inflating: blog-backend-1.0-SNAPSHOT/share/doc/api/images/icon-buttons/moon/light/disabled.svg  
  inflating: blog-backend-1.0-SNAPSHOT/share/doc/api/images/icon-buttons/moon/light/focus.svg  
  inflating: blog-backend-1.0-SNAPSHOT/share/doc/api/images/icon-buttons/moon/light/hover.svg  
  inflating: blog-backend-1.0-SNAPSHOT/share/doc/api/images/icon-buttons/moon/light/selected.svg  
  inflating: blog-backend-1.0-SNAPSHOT/share/doc/api/images/icon-buttons/moon/light/default.svg  
  inflating: blog-backend-1.0-SNAPSHOT/share/doc/api/images/icon-buttons/search/dark/active.svg  
  inflating: blog-backend-1.0-SNAPSHOT/share/doc/api/images/icon-buttons/search/dark/disabled.svg  
  inflating: blog-backend-1.0-SNAPSHOT/share/doc/api/images/icon-buttons/search/dark/focus.svg  
  inflating: blog-backend-1.0-SNAPSHOT/share/doc/api/images/icon-buttons/search/dark/hover.svg  
  inflating: blog-backend-1.0-SNAPSHOT/share/doc/api/images/icon-buttons/search/dark/selected.svg  
  inflating: blog-backend-1.0-SNAPSHOT/share/doc/api/images/icon-buttons/search/dark/default.svg  
  inflating: blog-backend-1.0-SNAPSHOT/share/doc/api/images/icon-buttons/search/light/active.svg  
  inflating: blog-backend-1.0-SNAPSHOT/share/doc/api/images/icon-buttons/search/light/disabled.svg  
  inflating: blog-backend-1.0-SNAPSHOT/share/doc/api/images/icon-buttons/search/light/focus.svg  
  inflating: blog-backend-1.0-SNAPSHOT/share/doc/api/images/icon-buttons/search/light/hover.svg  
  inflating: blog-backend-1.0-SNAPSHOT/share/doc/api/images/icon-buttons/search/light/selected.svg  
  inflating: blog-backend-1.0-SNAPSHOT/share/doc/api/images/icon-buttons/search/light/default.svg  
  inflating: blog-backend-1.0-SNAPSHOT/share/doc/api/images/icon-buttons/arrow-down/dark/active.svg  
  inflating: blog-backend-1.0-SNAPSHOT/share/doc/api/images/icon-buttons/arrow-down/dark/disabled.svg  
  inflating: blog-backend-1.0-SNAPSHOT/share/doc/api/images/icon-buttons/arrow-down/dark/focus.svg  
  inflating: blog-backend-1.0-SNAPSHOT/share/doc/api/images/icon-buttons/arrow-down/dark/hover.svg  
  inflating: blog-backend-1.0-SNAPSHOT/share/doc/api/images/icon-buttons/arrow-down/dark/selected.svg  
  inflating: blog-backend-1.0-SNAPSHOT/share/doc/api/images/icon-buttons/arrow-down/dark/default.svg  
  inflating: blog-backend-1.0-SNAPSHOT/share/doc/api/images/icon-buttons/arrow-down/light/active.svg  
  inflating: blog-backend-1.0-SNAPSHOT/share/doc/api/images/icon-buttons/arrow-down/light/disabled.svg  
  inflating: blog-backend-1.0-SNAPSHOT/share/doc/api/images/icon-buttons/arrow-down/light/focus.svg  
  inflating: blog-backend-1.0-SNAPSHOT/share/doc/api/images/icon-buttons/arrow-down/light/hover.svg  
  inflating: blog-backend-1.0-SNAPSHOT/share/doc/api/images/icon-buttons/arrow-down/light/selected.svg  
  inflating: blog-backend-1.0-SNAPSHOT/share/doc/api/images/icon-buttons/arrow-down/light/default.svg  
  inflating: blog-backend-1.0-SNAPSHOT/share/doc/api/images/icon-buttons/arrow-right/dark/active.svg  
  inflating: blog-backend-1.0-SNAPSHOT/share/doc/api/images/icon-buttons/arrow-right/dark/disabled.svg  
  inflating: blog-backend-1.0-SNAPSHOT/share/doc/api/images/icon-buttons/arrow-right/dark/focus.svg  
  inflating: blog-backend-1.0-SNAPSHOT/share/doc/api/images/icon-buttons/arrow-right/dark/hover.svg  
  inflating: blog-backend-1.0-SNAPSHOT/share/doc/api/images/icon-buttons/arrow-right/dark/selected.svg  
  inflating: blog-backend-1.0-SNAPSHOT/share/doc/api/images/icon-buttons/arrow-right/dark/default.svg  
  inflating: blog-backend-1.0-SNAPSHOT/share/doc/api/images/icon-buttons/arrow-right/light/active.svg  
  inflating: blog-backend-1.0-SNAPSHOT/share/doc/api/images/icon-buttons/arrow-right/light/disabled.svg  
  inflating: blog-backend-1.0-SNAPSHOT/share/doc/api/images/icon-buttons/arrow-right/light/focus.svg  
  inflating: blog-backend-1.0-SNAPSHOT/share/doc/api/images/icon-buttons/arrow-right/light/hover.svg  
  inflating: blog-backend-1.0-SNAPSHOT/share/doc/api/images/icon-buttons/arrow-right/light/selected.svg  
  inflating: blog-backend-1.0-SNAPSHOT/share/doc/api/images/icon-buttons/arrow-right/light/default.svg  
  inflating: blog-backend-1.0-SNAPSHOT/share/doc/api/images/icon-buttons/close/light/active.svg  
  inflating: blog-backend-1.0-SNAPSHOT/share/doc/api/images/icon-buttons/close/light/default.svg  
  inflating: blog-backend-1.0-SNAPSHOT/share/doc/api/images/icon-buttons/close/light/disabled.svg  
  inflating: blog-backend-1.0-SNAPSHOT/share/doc/api/images/icon-buttons/close/light/focus.svg  
  inflating: blog-backend-1.0-SNAPSHOT/share/doc/api/images/icon-buttons/close/light/hover.svg  
  inflating: blog-backend-1.0-SNAPSHOT/share/doc/api/images/icon-buttons/close/light/selected.svg  
  inflating: blog-backend-1.0-SNAPSHOT/share/doc/api/images/icon-buttons/close/dark/active.svg  
  inflating: blog-backend-1.0-SNAPSHOT/share/doc/api/images/icon-buttons/close/dark/default.svg  
  inflating: blog-backend-1.0-SNAPSHOT/share/doc/api/images/icon-buttons/close/dark/disabled.svg  
  inflating: blog-backend-1.0-SNAPSHOT/share/doc/api/images/icon-buttons/close/dark/focus.svg  
  inflating: blog-backend-1.0-SNAPSHOT/share/doc/api/images/icon-buttons/close/dark/hover.svg  
  inflating: blog-backend-1.0-SNAPSHOT/share/doc/api/images/icon-buttons/close/dark/selected.svg  
  inflating: blog-backend-1.0-SNAPSHOT/share/doc/api/images/icon-buttons/menu-animated/dark/active.svg  
  inflating: blog-backend-1.0-SNAPSHOT/share/doc/api/images/icon-buttons/menu-animated/dark/disabled.svg  
  inflating: blog-backend-1.0-SNAPSHOT/share/doc/api/images/icon-buttons/menu-animated/dark/focus.svg  
  inflating: blog-backend-1.0-SNAPSHOT/share/doc/api/images/icon-buttons/menu-animated/dark/hover.svg  
  inflating: blog-backend-1.0-SNAPSHOT/share/doc/api/images/icon-buttons/menu-animated/dark/selected.svg  
  inflating: blog-backend-1.0-SNAPSHOT/share/doc/api/images/icon-buttons/menu-animated/dark/default.svg  
  inflating: blog-backend-1.0-SNAPSHOT/share/doc/api/images/icon-buttons/menu-animated/light/active.svg  
  inflating: blog-backend-1.0-SNAPSHOT/share/doc/api/images/icon-buttons/menu-animated/light/disabled.svg  
  inflating: blog-backend-1.0-SNAPSHOT/share/doc/api/images/icon-buttons/menu-animated/light/focus.svg  
  inflating: blog-backend-1.0-SNAPSHOT/share/doc/api/images/icon-buttons/menu-animated/light/hover.svg  
  inflating: blog-backend-1.0-SNAPSHOT/share/doc/api/images/icon-buttons/menu-animated/light/selected.svg  
  inflating: blog-backend-1.0-SNAPSHOT/share/doc/api/images/icon-buttons/menu-animated/light/default.svg  
  inflating: blog-backend-1.0-SNAPSHOT/share/doc/api/images/icon-buttons/menu-animated-open/dark/active.svg  
  inflating: blog-backend-1.0-SNAPSHOT/share/doc/api/images/icon-buttons/menu-animated-open/dark/disabled.svg  
  inflating: blog-backend-1.0-SNAPSHOT/share/doc/api/images/icon-buttons/menu-animated-open/dark/focus.svg  
  inflating: blog-backend-1.0-SNAPSHOT/share/doc/api/images/icon-buttons/menu-animated-open/dark/hover.svg  
  inflating: blog-backend-1.0-SNAPSHOT/share/doc/api/images/icon-buttons/menu-animated-open/dark/selected.svg  
  inflating: blog-backend-1.0-SNAPSHOT/share/doc/api/images/icon-buttons/menu-animated-open/dark/default.svg  
  inflating: blog-backend-1.0-SNAPSHOT/share/doc/api/images/icon-buttons/menu-animated-open/light/active.svg  
  inflating: blog-backend-1.0-SNAPSHOT/share/doc/api/images/icon-buttons/menu-animated-open/light/disabled.svg  
  inflating: blog-backend-1.0-SNAPSHOT/share/doc/api/images/icon-buttons/menu-animated-open/light/focus.svg  
  inflating: blog-backend-1.0-SNAPSHOT/share/doc/api/images/icon-buttons/menu-animated-open/light/hover.svg  
  inflating: blog-backend-1.0-SNAPSHOT/share/doc/api/images/icon-buttons/menu-animated-open/light/selected.svg  
  inflating: blog-backend-1.0-SNAPSHOT/share/doc/api/images/icon-buttons/menu-animated-open/light/default.svg  
  inflating: blog-backend-1.0-SNAPSHOT/share/doc/api/images/icon-buttons/gh/dark/active.svg  
  inflating: blog-backend-1.0-SNAPSHOT/share/doc/api/images/icon-buttons/gh/dark/disabled.svg  
  inflating: blog-backend-1.0-SNAPSHOT/share/doc/api/images/icon-buttons/gh/dark/focus.svg  
  inflating: blog-backend-1.0-SNAPSHOT/share/doc/api/images/icon-buttons/gh/dark/hover.svg  
  inflating: blog-backend-1.0-SNAPSHOT/share/doc/api/images/icon-buttons/gh/dark/selected.svg  
  inflating: blog-backend-1.0-SNAPSHOT/share/doc/api/images/icon-buttons/gh/dark/default.svg  
  inflating: blog-backend-1.0-SNAPSHOT/share/doc/api/images/icon-buttons/gh/light/active.svg  
  inflating: blog-backend-1.0-SNAPSHOT/share/doc/api/images/icon-buttons/gh/light/disabled.svg  
  inflating: blog-backend-1.0-SNAPSHOT/share/doc/api/images/icon-buttons/gh/light/focus.svg  
  inflating: blog-backend-1.0-SNAPSHOT/share/doc/api/images/icon-buttons/gh/light/hover.svg  
  inflating: blog-backend-1.0-SNAPSHOT/share/doc/api/images/icon-buttons/gh/light/selected.svg  
  inflating: blog-backend-1.0-SNAPSHOT/share/doc/api/images/icon-buttons/gh/light/default.svg  
  inflating: blog-backend-1.0-SNAPSHOT/share/doc/api/images/icon-buttons/twitter/dark/active.svg  
  inflating: blog-backend-1.0-SNAPSHOT/share/doc/api/images/icon-buttons/twitter/dark/disabled.svg  
  inflating: blog-backend-1.0-SNAPSHOT/share/doc/api/images/icon-buttons/twitter/dark/focus.svg  
  inflating: blog-backend-1.0-SNAPSHOT/share/doc/api/images/icon-buttons/twitter/dark/hover.svg  
  inflating: blog-backend-1.0-SNAPSHOT/share/doc/api/images/icon-buttons/twitter/dark/selected.svg  
  inflating: blog-backend-1.0-SNAPSHOT/share/doc/api/images/icon-buttons/twitter/dark/default.svg  
  inflating: blog-backend-1.0-SNAPSHOT/share/doc/api/images/icon-buttons/twitter/light/active.svg  
  inflating: blog-backend-1.0-SNAPSHOT/share/doc/api/images/icon-buttons/twitter/light/disabled.svg  
  inflating: blog-backend-1.0-SNAPSHOT/share/doc/api/images/icon-buttons/twitter/light/focus.svg  
  inflating: blog-backend-1.0-SNAPSHOT/share/doc/api/images/icon-buttons/twitter/light/hover.svg  
  inflating: blog-backend-1.0-SNAPSHOT/share/doc/api/images/icon-buttons/twitter/light/selected.svg  
  inflating: blog-backend-1.0-SNAPSHOT/share/doc/api/images/icon-buttons/twitter/light/default.svg  
  inflating: blog-backend-1.0-SNAPSHOT/share/doc/api/images/icon-buttons/discord/dark/active.svg  
  inflating: blog-backend-1.0-SNAPSHOT/share/doc/api/images/icon-buttons/discord/dark/disabled.svg  
  inflating: blog-backend-1.0-SNAPSHOT/share/doc/api/images/icon-buttons/discord/dark/focus.svg  
  inflating: blog-backend-1.0-SNAPSHOT/share/doc/api/images/icon-buttons/discord/dark/hover.svg  
  inflating: blog-backend-1.0-SNAPSHOT/share/doc/api/images/icon-buttons/discord/dark/selected.svg  
  inflating: blog-backend-1.0-SNAPSHOT/share/doc/api/images/icon-buttons/discord/dark/default.svg  
  inflating: blog-backend-1.0-SNAPSHOT/share/doc/api/images/icon-buttons/discord/light/active.svg  
  inflating: blog-backend-1.0-SNAPSHOT/share/doc/api/images/icon-buttons/discord/light/disabled.svg  
  inflating: blog-backend-1.0-SNAPSHOT/share/doc/api/images/icon-buttons/discord/light/focus.svg  
  inflating: blog-backend-1.0-SNAPSHOT/share/doc/api/images/icon-buttons/discord/light/hover.svg  
  inflating: blog-backend-1.0-SNAPSHOT/share/doc/api/images/icon-buttons/discord/light/selected.svg  
  inflating: blog-backend-1.0-SNAPSHOT/share/doc/api/images/icon-buttons/discord/light/default.svg  
  inflating: blog-backend-1.0-SNAPSHOT/share/doc/api/images/icon-buttons/gitter/dark/active.svg  
  inflating: blog-backend-1.0-SNAPSHOT/share/doc/api/images/icon-buttons/gitter/dark/disabled.svg  
  inflating: blog-backend-1.0-SNAPSHOT/share/doc/api/images/icon-buttons/gitter/dark/focus.svg  
  inflating: blog-backend-1.0-SNAPSHOT/share/doc/api/images/icon-buttons/gitter/dark/hover.svg  
  inflating: blog-backend-1.0-SNAPSHOT/share/doc/api/images/icon-buttons/gitter/dark/selected.svg  
  inflating: blog-backend-1.0-SNAPSHOT/share/doc/api/images/icon-buttons/gitter/dark/default.svg  
  inflating: blog-backend-1.0-SNAPSHOT/share/doc/api/images/icon-buttons/gitter/light/active.svg  
  inflating: blog-backend-1.0-SNAPSHOT/share/doc/api/images/icon-buttons/gitter/light/disabled.svg  
  inflating: blog-backend-1.0-SNAPSHOT/share/doc/api/images/icon-buttons/gitter/light/focus.svg  
  inflating: blog-backend-1.0-SNAPSHOT/share/doc/api/images/icon-buttons/gitter/light/hover.svg  
  inflating: blog-backend-1.0-SNAPSHOT/share/doc/api/images/icon-buttons/gitter/light/selected.svg  
  inflating: blog-backend-1.0-SNAPSHOT/share/doc/api/images/icon-buttons/gitter/light/default.svg  
  inflating: blog-backend-1.0-SNAPSHOT/share/doc/api/images/icon-buttons/link/dark/active.svg  
  inflating: blog-backend-1.0-SNAPSHOT/share/doc/api/images/icon-buttons/link/dark/disabled.svg  
  inflating: blog-backend-1.0-SNAPSHOT/share/doc/api/images/icon-buttons/link/dark/focus.svg  
  inflating: blog-backend-1.0-SNAPSHOT/share/doc/api/images/icon-buttons/link/dark/hover.svg  
  inflating: blog-backend-1.0-SNAPSHOT/share/doc/api/images/icon-buttons/link/dark/selected.svg  
  inflating: blog-backend-1.0-SNAPSHOT/share/doc/api/images/icon-buttons/link/dark/default.svg  
  inflating: blog-backend-1.0-SNAPSHOT/share/doc/api/images/icon-buttons/link/light/active.svg  
  inflating: blog-backend-1.0-SNAPSHOT/share/doc/api/images/icon-buttons/link/light/disabled.svg  
  inflating: blog-backend-1.0-SNAPSHOT/share/doc/api/images/icon-buttons/link/light/focus.svg  
  inflating: blog-backend-1.0-SNAPSHOT/share/doc/api/images/icon-buttons/link/light/hover.svg  
  inflating: blog-backend-1.0-SNAPSHOT/share/doc/api/images/icon-buttons/link/light/selected.svg  
  inflating: blog-backend-1.0-SNAPSHOT/share/doc/api/images/icon-buttons/link/light/default.svg  
  inflating: blog-backend-1.0-SNAPSHOT/share/doc/api/images/icon-buttons/copy/dark/active.svg  
  inflating: blog-backend-1.0-SNAPSHOT/share/doc/api/images/icon-buttons/copy/dark/disabled.svg  
  inflating: blog-backend-1.0-SNAPSHOT/share/doc/api/images/icon-buttons/copy/dark/focus.svg  
  inflating: blog-backend-1.0-SNAPSHOT/share/doc/api/images/icon-buttons/copy/dark/hover.svg  
  inflating: blog-backend-1.0-SNAPSHOT/share/doc/api/images/icon-buttons/copy/dark/selected.svg  
  inflating: blog-backend-1.0-SNAPSHOT/share/doc/api/images/icon-buttons/copy/dark/default.svg  
  inflating: blog-backend-1.0-SNAPSHOT/share/doc/api/images/icon-buttons/copy/light/active.svg  
  inflating: blog-backend-1.0-SNAPSHOT/share/doc/api/images/icon-buttons/copy/light/disabled.svg  
  inflating: blog-backend-1.0-SNAPSHOT/share/doc/api/images/icon-buttons/copy/light/focus.svg  
  inflating: blog-backend-1.0-SNAPSHOT/share/doc/api/images/icon-buttons/copy/light/hover.svg  
  inflating: blog-backend-1.0-SNAPSHOT/share/doc/api/images/icon-buttons/copy/light/selected.svg  
  inflating: blog-backend-1.0-SNAPSHOT/share/doc/api/images/icon-buttons/copy/light/default.svg  
  inflating: blog-backend-1.0-SNAPSHOT/share/doc/api/images/icon-buttons/plus/dark/active.svg  
  inflating: blog-backend-1.0-SNAPSHOT/share/doc/api/images/icon-buttons/plus/dark/disabled.svg  
  inflating: blog-backend-1.0-SNAPSHOT/share/doc/api/images/icon-buttons/plus/dark/focus.svg  
  inflating: blog-backend-1.0-SNAPSHOT/share/doc/api/images/icon-buttons/plus/dark/hover.svg  
  inflating: blog-backend-1.0-SNAPSHOT/share/doc/api/images/icon-buttons/plus/dark/selected.svg  
  inflating: blog-backend-1.0-SNAPSHOT/share/doc/api/images/icon-buttons/plus/dark/default.svg  
  inflating: blog-backend-1.0-SNAPSHOT/share/doc/api/images/icon-buttons/plus/light/active.svg  
  inflating: blog-backend-1.0-SNAPSHOT/share/doc/api/images/icon-buttons/plus/light/disabled.svg  
  inflating: blog-backend-1.0-SNAPSHOT/share/doc/api/images/icon-buttons/plus/light/focus.svg  
  inflating: blog-backend-1.0-SNAPSHOT/share/doc/api/images/icon-buttons/plus/light/hover.svg  
  inflating: blog-backend-1.0-SNAPSHOT/share/doc/api/images/icon-buttons/plus/light/selected.svg  
  inflating: blog-backend-1.0-SNAPSHOT/share/doc/api/images/icon-buttons/plus/light/default.svg  
  inflating: blog-backend-1.0-SNAPSHOT/share/doc/api/images/icon-buttons/minus/dark/active.svg  
  inflating: blog-backend-1.0-SNAPSHOT/share/doc/api/images/icon-buttons/minus/dark/disabled.svg  
  inflating: blog-backend-1.0-SNAPSHOT/share/doc/api/images/icon-buttons/minus/dark/focus.svg  
  inflating: blog-backend-1.0-SNAPSHOT/share/doc/api/images/icon-buttons/minus/dark/hover.svg  
  inflating: blog-backend-1.0-SNAPSHOT/share/doc/api/images/icon-buttons/minus/dark/selected.svg  
  inflating: blog-backend-1.0-SNAPSHOT/share/doc/api/images/icon-buttons/minus/dark/default.svg  
  inflating: blog-backend-1.0-SNAPSHOT/share/doc/api/images/icon-buttons/minus/light/active.svg  
  inflating: blog-backend-1.0-SNAPSHOT/share/doc/api/images/icon-buttons/minus/light/disabled.svg  
  inflating: blog-backend-1.0-SNAPSHOT/share/doc/api/images/icon-buttons/minus/light/focus.svg  
  inflating: blog-backend-1.0-SNAPSHOT/share/doc/api/images/icon-buttons/minus/light/hover.svg  
  inflating: blog-backend-1.0-SNAPSHOT/share/doc/api/images/icon-buttons/minus/light/selected.svg  
  inflating: blog-backend-1.0-SNAPSHOT/share/doc/api/images/icon-buttons/minus/light/default.svg  
  inflating: blog-backend-1.0-SNAPSHOT/share/doc/api/images/bulb/dark/default.svg  
  inflating: blog-backend-1.0-SNAPSHOT/share/doc/api/images/bulb/light/default.svg  
  inflating: blog-backend-1.0-SNAPSHOT/share/doc/api/images/info/light/default.svg  
  inflating: blog-backend-1.0-SNAPSHOT/share/doc/api/images/info/dark/default.svg  
  inflating: blog-backend-1.0-SNAPSHOT/share/doc/api/images/footer-icon/dark/default.svg  
  inflating: blog-backend-1.0-SNAPSHOT/share/doc/api/images/footer-icon/light/default.svg  
  inflating: blog-backend-1.0-SNAPSHOT/share/doc/api/images/type-dark-big.svg  
  inflating: blog-backend-1.0-SNAPSHOT/share/doc/api/images/type-big.svg  
  inflating: blog-backend-1.0-SNAPSHOT/share/doc/api/images/enum-dark-big.svg  
  inflating: blog-backend-1.0-SNAPSHOT/share/doc/api/images/enum-big.svg  
  inflating: blog-backend-1.0-SNAPSHOT/share/doc/api/images/method-dark-big.svg  
  inflating: blog-backend-1.0-SNAPSHOT/share/doc/api/images/method-big.svg  
  inflating: blog-backend-1.0-SNAPSHOT/share/doc/api/images/given-dark-big.svg  
  inflating: blog-backend-1.0-SNAPSHOT/share/doc/api/images/given-big.svg  
  inflating: blog-backend-1.0-SNAPSHOT/share/doc/api/images/static-dark-big.svg  
  inflating: blog-backend-1.0-SNAPSHOT/share/doc/api/images/static-big.svg  
  inflating: blog-backend-1.0-SNAPSHOT/share/doc/api/images/def-dark-big.svg  
  inflating: blog-backend-1.0-SNAPSHOT/share/doc/api/images/def-big.svg  
  inflating: blog-backend-1.0-SNAPSHOT/share/doc/api/images/val-dark-big.svg  
  inflating: blog-backend-1.0-SNAPSHOT/share/doc/api/images/val-big.svg  
  inflating: blog-backend-1.0-SNAPSHOT/share/doc/api/images/trait-dark-big.svg  
  inflating: blog-backend-1.0-SNAPSHOT/share/doc/api/images/trait-big.svg  
  inflating: blog-backend-1.0-SNAPSHOT/share/doc/api/images/object-dark-big.svg  
  inflating: blog-backend-1.0-SNAPSHOT/share/doc/api/images/object-big.svg  
  inflating: blog-backend-1.0-SNAPSHOT/share/doc/api/images/class-dark-big.svg  
  inflating: blog-backend-1.0-SNAPSHOT/share/doc/api/images/class-big.svg  
  inflating: blog-backend-1.0-SNAPSHOT/share/doc/api/images/package-dark-big.svg  
  inflating: blog-backend-1.0-SNAPSHOT/share/doc/api/images/package-big.svg  
  inflating: blog-backend-1.0-SNAPSHOT/share/doc/api/images/thick.svg  
  inflating: blog-backend-1.0-SNAPSHOT/share/doc/api/images/thick-dark.svg  
  inflating: blog-backend-1.0-SNAPSHOT/share/doc/api/images/banner-icons/error.svg  
  inflating: blog-backend-1.0-SNAPSHOT/share/doc/api/images/banner-icons/info.svg  
  inflating: blog-backend-1.0-SNAPSHOT/share/doc/api/images/banner-icons/neutral.svg  
  inflating: blog-backend-1.0-SNAPSHOT/share/doc/api/images/banner-icons/success.svg  
  inflating: blog-backend-1.0-SNAPSHOT/share/doc/api/images/banner-icons/warning.svg  
  inflating: blog-backend-1.0-SNAPSHOT/share/doc/api/webfonts/fa-brands-400.eot  
  inflating: blog-backend-1.0-SNAPSHOT/share/doc/api/webfonts/fa-brands-400.svg  
  inflating: blog-backend-1.0-SNAPSHOT/share/doc/api/webfonts/fa-brands-400.ttf  
  inflating: blog-backend-1.0-SNAPSHOT/share/doc/api/webfonts/fa-brands-400.woff  
  inflating: blog-backend-1.0-SNAPSHOT/share/doc/api/webfonts/fa-brands-400.woff2  
  inflating: blog-backend-1.0-SNAPSHOT/share/doc/api/webfonts/fa-regular-400.eot  
  inflating: blog-backend-1.0-SNAPSHOT/share/doc/api/webfonts/fa-regular-400.svg  
  inflating: blog-backend-1.0-SNAPSHOT/share/doc/api/webfonts/fa-regular-400.ttf  
  inflating: blog-backend-1.0-SNAPSHOT/share/doc/api/webfonts/fa-regular-400.woff  
  inflating: blog-backend-1.0-SNAPSHOT/share/doc/api/webfonts/fa-regular-400.woff2  
  inflating: blog-backend-1.0-SNAPSHOT/share/doc/api/webfonts/fa-solid-900.eot  
  inflating: blog-backend-1.0-SNAPSHOT/share/doc/api/webfonts/fa-solid-900.svg  
  inflating: blog-backend-1.0-SNAPSHOT/share/doc/api/webfonts/fa-solid-900.ttf  
  inflating: blog-backend-1.0-SNAPSHOT/share/doc/api/webfonts/fa-solid-900.woff  
  inflating: blog-backend-1.0-SNAPSHOT/share/doc/api/webfonts/fa-solid-900.woff2  
  inflating: blog-backend-1.0-SNAPSHOT/share/doc/api/index.html  
  inflating: blog-backend-1.0-SNAPSHOT/share/doc/api/views/html.html  
  inflating: blog-backend-1.0-SNAPSHOT/share/doc/api/views/html/index$.html  
  inflating: blog-backend-1.0-SNAPSHOT/share/doc/api/views/html/main$.html  
  inflating: blog-backend-1.0-SNAPSHOT/share/doc/api/router.html  
  inflating: blog-backend-1.0-SNAPSHOT/share/doc/api/router/Routes.html  
  inflating: blog-backend-1.0-SNAPSHOT/share/doc/api/router/RoutesPrefix$.html  
  inflating: blog-backend-1.0-SNAPSHOT/share/doc/api/controllers.html  
  inflating: blog-backend-1.0-SNAPSHOT/share/doc/api/controllers/javascript.html  
  inflating: blog-backend-1.0-SNAPSHOT/share/doc/api/controllers/javascript/ReverseAssets.html  
  inflating: blog-backend-1.0-SNAPSHOT/share/doc/api/controllers/javascript/ReverseHomeController.html  
  inflating: blog-backend-1.0-SNAPSHOT/share/doc/api/controllers/HomeController.html  
  inflating: blog-backend-1.0-SNAPSHOT/share/doc/api/controllers/ReverseAssets.html  
  inflating: blog-backend-1.0-SNAPSHOT/share/doc/api/controllers/ReverseHomeController.html  
kill: usage: kill [-s sigspec | -n signum | -sigspec] pid | jobspec ... or kill -l [sigspec]
2024-05-05 02:02:09 [34mINFO [0;39m [36mp.a.http.HttpErrorHandlerExceptions[0;39m [35m[0;39m Registering exception handler: guice-provision-exception-handler
2024-05-05 02:02:12 [34mINFO [0;39m [36mplay.api.Play[0;39m [35m[0;39m Application started (Prod) (no global state)
2024-05-05 02:02:13 [34mINFO [0;39m [36mplay.core.server.PekkoHttpServer[0;39m [35m[0;39m Listening for HTTP on /[0:0:0:0:0:0:0:0]:9000
2024-05-05 02:17:39 [34mINFO [0;39m [36mp.a.i.l.c.CoordinatedShutdownSupport[0;39m [35m[0;39m Starting synchronous coordinated shutdown with ServerStoppedReason reason and 2147513000 milliseconds timeout
2024-05-05 02:17:39 [34mINFO [0;39m [36mplay.core.server.PekkoHttpServer[0;39m [35m[0;39m Stopping Pekko HTTP server...
2024-05-05 02:17:39 [34mINFO [0;39m [36mplay.core.server.PekkoHttpServer[0;39m [35m[0;39m Unbinding /[0:0:0:0:0:0:0:0]:9000
2024-05-05 02:17:39 [34mINFO [0;39m [36mplay.core.server.PekkoHttpServer[0;39m [35m[0;39m Terminating server binding for /[0:0:0:0:0:0:0:0]:9000
2024-05-05 02:17:39 [34mINFO [0;39m [36mplay.core.server.PekkoHttpServer[0;39m [35m[0;39m Running provided shutdown stop hooks
